TN:
SF:src\index.ts
FNF:0
FNH:0
LF:0
LH:0
BRF:0
BRH:0
end_of_record
TN:
SF:src\adapter\playwright\bridge.ts
FN:30,createDefaultLauncher
FN:43,constructor
FN:48,launch
FN:54,launchPersistentContext
FN:65,(anonymous_4)
FN:66,(anonymous_5)
FN:79,configure
FN:87,(anonymous_7)
FN:89,(anonymous_8)
FN:95,(anonymous_9)
FN:106,(anonymous_10)
FNF:11
FNH:0
FNDA:0,createDefaultLauncher
FNDA:0,constructor
FNDA:0,launch
FNDA:0,launchPersistentContext
FNDA:0,(anonymous_4)
FNDA:0,(anonymous_5)
FNDA:0,configure
FNDA:0,(anonymous_7)
FNDA:0,(anonymous_8)
FNDA:0,(anonymous_9)
FNDA:0,(anonymous_10)
DA:24,0
DA:25,0
DA:26,0
DA:31,0
DA:32,0
DA:44,0
DA:45,0
DA:49,0
DA:50,0
DA:51,0
DA:55,0
DA:58,0
DA:59,0
DA:60,0
DA:66,0
DA:67,0
DA:86,0
DA:87,0
DA:88,0
DA:89,0
DA:93,0
DA:94,0
DA:95,0
DA:98,0
DA:101,0
DA:102,0
DA:107,0
DA:108,0
DA:109,0
LF:29
LH:0
BRDA:45,0,0,0
BRDA:45,0,1,0
BRDA:48,1,0,0
BRDA:54,2,0,0
BRDA:65,3,0,0
BRDA:66,4,0,0
BRDA:66,4,1,0
BRDA:75,5,0,0
BRDA:75,5,1,0
BRDA:75,6,0,0
BRDA:75,6,1,0
BRDA:88,7,0,0
BRDA:88,7,1,0
BRDA:88,8,0,0
BRDA:88,8,1,0
BRDA:94,9,0,0
BRDA:94,9,1,0
BRDA:94,10,0,0
BRDA:94,10,1,0
BRDA:106,11,0,0
BRDA:108,12,0,0
BRDA:108,12,1,0
BRF:22
BRH:0
end_of_record
TN:
SF:src\adapter\playwright\data.ts
FN:29,constructor
FN:34,map
FN:51,unmap
FN:67,dispose
FN:71,ensureDir
FN:77,generateUniqueName
FNF:6
FNH:0
FNDA:0,constructor
FNDA:0,map
FNDA:0,unmap
FNDA:0,dispose
FNDA:0,ensureDir
FNDA:0,generateUniqueName
DA:30,0
DA:31,0
DA:35,0
DA:36,0
DA:37,0
DA:38,0
DA:39,0
DA:40,0
DA:41,0
DA:46,0
DA:48,0
DA:52,0
DA:53,0
DA:54,0
DA:55,0
DA:57,0
DA:58,0
DA:63,0
DA:68,0
DA:72,0
DA:78,0
DA:79,0
LF:22
LH:0
BRDA:29,0,0,0
BRDA:30,1,0,0
BRDA:30,1,1,0
BRDA:35,2,0,0
BRDA:35,2,1,0
BRDA:53,3,0,0
BRDA:53,3,1,0
BRF:7
BRH:0
end_of_record
TN:
SF:src\adapter\playwright\fluent.ts
FN:77,newFingerprint
FN:86,useFingerprint
FN:91,useProxy
FN:101,useProfile
FN:108,useLauncher
FN:120,launch
FN:149,newContext
FN:174,close
FN:184,(anonymous_8)
FN:186,(anonymous_9)
FN:191,(anonymous_10)
FN:192,(anonymous_11)
FNF:12
FNH:12
FNDA:18,newFingerprint
FNDA:2,useFingerprint
FNDA:2,useProxy
FNDA:1,useProfile
FNDA:2,useLauncher
FNDA:13,launch
FNDA:6,newContext
FNDA:5,close
FNDA:2,(anonymous_8)
FNDA:2,(anonymous_9)
FNDA:2,(anonymous_10)
FNDA:2,(anonymous_11)
DA:39,1
DA:40,1
DA:41,1
DA:42,1
DA:43,1
DA:47,1
DA:65,18
DA:68,18
DA:69,18
DA:78,2
DA:79,2
DA:80,2
DA:81,2
DA:87,2
DA:88,2
DA:92,2
DA:93,2
DA:102,1
DA:103,1
DA:104,1
DA:105,1
DA:109,2
DA:110,2
DA:111,2
DA:121,13
DA:122,1
DA:126,12
DA:127,12
DA:128,12
DA:130,12
DA:131,13
DA:132,13
DA:133,13
DA:135,13
DA:136,13
DA:137,13
DA:138,13
DA:139,12
DA:141,12
DA:142,12
DA:150,6
DA:151,1
DA:153,5
DA:154,1
DA:156,4
DA:157,0
DA:160,4
DA:161,4
DA:162,4
DA:163,4
DA:164,4
DA:166,4
DA:175,5
DA:176,3
DA:178,3
DA:179,3
DA:181,3
DA:183,5
DA:184,2
DA:188,2
DA:191,2
DA:192,2
DA:195,3
LF:63
LH:62
BRDA:39,0,0,1
BRDA:39,0,1,0
BRDA:40,1,0,1
BRDA:40,1,1,1
BRDA:41,2,0,1
BRDA:41,2,1,1
BRDA:77,3,0,2
BRDA:120,4,0,13
BRDA:121,5,0,1
BRDA:121,5,1,12
BRDA:130,6,0,12
BRDA:130,6,1,12
BRDA:138,7,0,1
BRDA:138,7,1,12
BRDA:139,8,0,1
BRDA:139,8,1,11
BRDA:149,9,0,6
BRDA:150,10,0,1
BRDA:150,10,1,5
BRDA:153,11,0,1
BRDA:153,11,1,4
BRDA:156,12,0,0
BRDA:156,12,1,4
BRDA:175,13,0,2
BRDA:175,13,1,3
BRDA:181,14,0,3
BRDA:181,14,1,3
BRDA:188,15,0,2
BRDA:188,15,1,0
BRDA:195,16,0,1
BRDA:195,16,1,2
BRF:31
BRH:28
end_of_record
TN:
SF:src\adapter\playwright\loader.ts
FNF:0
FNH:0
DA:14,1
LF:1
LH:1
BRF:0
BRH:0
end_of_record
TN:
SF:src\adapter\playwright\utils.ts
FN:21,(anonymous_0)
FN:25,(anonymous_1)
FN:37,(anonymous_2)
FN:40,(anonymous_3)
FN:43,patchContext
FN:45,apply
FN:53,patchPage
FN:56,(anonymous_7)
FN:69,(anonymous_8)
FN:126,(anonymous_9)
FN:134,(anonymous_10)
FN:136,(anonymous_11)
FN:143,collectErrors
FNF:13
FNH:10
FNDA:23,(anonymous_0)
FNDA:2,(anonymous_1)
FNDA:6,(anonymous_2)
FNDA:4,(anonymous_3)
FNDA:5,patchContext
FNDA:3,apply
FNDA:3,patchPage
FNDA:1,(anonymous_7)
FNDA:0,(anonymous_8)
FNDA:0,(anonymous_9)
FNDA:0,(anonymous_10)
FNDA:4,(anonymous_11)
FNDA:5,collectErrors
DA:16,1
DA:17,1
DA:21,23
DA:25,1
DA:26,2
DA:27,1
DA:29,1
DA:37,1
DA:38,6
DA:39,5
DA:40,4
DA:44,5
DA:46,3
DA:47,3
DA:48,3
DA:51,5
DA:54,3
DA:55,3
DA:57,1
DA:60,3
DA:62,6
DA:63,1
DA:69,1
DA:81,0
DA:82,0
DA:83,0
DA:86,0
DA:87,0
DA:93,0
DA:94,0
DA:98,0
DA:102,0
DA:103,0
DA:104,0
DA:106,0
DA:107,0
DA:109,0
DA:110,0
DA:113,0
DA:115,0
DA:116,0
DA:117,0
DA:122,0
DA:126,1
DA:129,0
DA:134,1
DA:136,1
DA:138,4
DA:146,5
DA:147,5
DA:148,8
DA:149,8
DA:151,4
DA:154,5
LF:54
LH:33
BRDA:21,0,0,23
BRDA:21,0,1,19
BRDA:21,0,2,18
BRDA:21,0,3,13
BRDA:21,0,4,13
BRDA:21,0,5,13
BRDA:26,1,0,1
BRDA:26,1,1,1
BRDA:37,2,0,6
BRDA:38,3,0,5
BRDA:38,3,1,1
BRDA:62,4,0,1
BRDA:62,4,1,5
BRDA:62,5,0,6
BRDA:62,5,1,1
BRDA:71,6,0,0
BRDA:72,7,0,0
BRDA:87,8,0,0
BRDA:87,8,1,0
BRDA:103,9,0,0
BRDA:103,9,1,0
BRDA:103,10,0,0
BRDA:103,10,1,0
BRDA:106,11,0,0
BRDA:106,11,1,0
BRDA:116,12,0,0
BRDA:116,12,1,0
BRDA:136,13,0,4
BRF:28
BRH:16
end_of_record
TN:
SF:src\common\index.ts
FN:11,(anonymous_0)
FN:12,(anonymous_1)
FN:13,(anonymous_2)
FN:14,(anonymous_3)
FN:14,(anonymous_4)
FN:18,(anonymous_5)
FNF:6
FNH:0
FNDA:0,(anonymous_0)
FNDA:0,(anonymous_1)
FNDA:0,(anonymous_2)
FNDA:0,(anonymous_3)
FNDA:0,(anonymous_4)
FNDA:0,(anonymous_5)
DA:10,3
DA:12,0
DA:13,0
DA:14,0
DA:18,0
LF:5
LH:1
BRF:0
BRH:0
end_of_record
TN:
SF:src\common\timer.ts
FN:29,(anonymous_0)
FN:35,createTimer
FN:37,(anonymous_2)
FN:38,(anonymous_3)
FN:47,(anonymous_4)
FN:56,withTimeout
FN:58,(anonymous_6)
FN:60,(anonymous_7)
FNF:8
FNH:8
FNDA:3,(anonymous_0)
FNDA:10,createTimer
FNDA:10,(anonymous_2)
FNDA:3,(anonymous_3)
FNDA:7,(anonymous_4)
FNDA:3,withTimeout
FNDA:2,(anonymous_6)
FNDA:3,(anonymous_7)
DA:24,2
DA:29,3
DA:37,10
DA:38,10
DA:39,3
DA:41,10
DA:42,10
DA:45,10
DA:48,7
DA:49,6
DA:50,6
DA:57,3
DA:58,3
DA:59,2
DA:60,3
LF:15
LH:15
BRDA:41,0,0,10
BRDA:41,0,1,0
BRDA:48,1,0,6
BRDA:48,1,1,1
BRDA:59,2,0,2
BRDA:59,2,1,1
BRF:6
BRH:5
end_of_record
TN:
SF:src\loader\index.ts
FN:25,constructor
FN:31,import
FN:45,load
FNF:3
FNH:3
FNDA:6,constructor
FNDA:6,import
FNDA:6,load
DA:16,1
DA:26,6
DA:27,6
DA:28,6
DA:32,12
DA:33,11
DA:34,16
DA:35,16
DA:36,16
DA:37,16
DA:39,9
DA:42,4
DA:46,6
DA:47,6
DA:48,0
DA:50,5
DA:51,5
DA:52,1
DA:54,4
DA:55,4
LF:20
LH:19
BRDA:25,0,0,6
BRDA:31,1,0,12
BRDA:32,2,0,1
BRDA:32,2,1,11
BRDA:45,3,0,6
BRDA:47,4,0,0
BRDA:47,4,1,6
BRDA:51,5,0,1
BRDA:51,5,1,4
BRDA:51,6,0,5
BRDA:51,6,1,5
BRDA:51,6,2,3
BRDA:55,7,0,3
BRDA:55,7,1,1
BRF:14
BRH:13
end_of_record
TN:
SF:src\plugin\browser.ts
FN:52,(anonymous_0)
FN:106,(anonymous_1)
FN:120,(anonymous_2)
FNF:3
FNH:3
FNDA:10,(anonymous_0)
FNDA:12,(anonymous_1)
FNDA:11,(anonymous_2)
DA:43,1
DA:44,1
DA:48,1
DA:52,1
DA:58,10
DA:59,10
DA:61,1
DA:64,9
DA:65,9
DA:66,8
DA:68,1
DA:69,1
DA:71,8
DA:76,10
DA:77,10
DA:78,11
DA:82,11
DA:83,11
DA:88,1
DA:89,1
DA:91,10
DA:92,10
DA:93,6
DA:94,6
DA:96,4
DA:97,4
DA:98,4
DA:100,7
DA:101,7
DA:102,1
DA:106,1
DA:107,12
DA:110,12
DA:114,11
DA:116,1
DA:120,1
DA:121,11
DA:122,11
DA:128,0
LF:39
LH:38
BRDA:61,0,0,1
BRDA:61,0,1,0
BRDA:69,1,0,1
BRDA:69,1,1,0
BRDA:71,2,0,1
BRDA:71,2,1,7
BRDA:89,3,0,1
BRDA:89,3,1,0
BRDA:92,4,0,6
BRDA:92,4,1,4
BRDA:92,5,0,10
BRDA:92,5,1,6
BRDA:101,6,0,1
BRDA:101,6,1,6
BRDA:116,7,0,1
BRDA:116,7,1,0
BRDA:128,8,0,0
BRDA:128,8,1,0
BRF:18
BRH:12
end_of_record
TN:
SF:src\plugin\cleaner.ts
FN:20,(anonymous_0)
FN:28,ignore
FN:32,include
FN:36,watch
FN:42,(anonymous_4)
FN:47,stop
FN:61,(anonymous_6)
FN:63,(anonymous_7)
FN:70,(anonymous_8)
FN:76,(anonymous_9)
FN:87,(anonymous_10)
FN:105,(anonymous_11)
FNF:12
FNH:0
FNDA:0,(anonymous_0)
FNDA:0,ignore
FNDA:0,include
FNDA:0,watch
FNDA:0,(anonymous_4)
FNDA:0,stop
FNDA:0,(anonymous_6)
FNDA:0,(anonymous_7)
FNDA:0,(anonymous_8)
FNDA:0,(anonymous_9)
FNDA:0,(anonymous_10)
FNDA:0,(anonymous_11)
DA:18,0
DA:19,0
DA:20,0
DA:25,0
DA:26,0
DA:29,0
DA:33,0
DA:37,0
DA:38,0
DA:40,0
DA:41,0
DA:42,0
DA:44,0
DA:48,0
DA:49,0
DA:50,0
DA:52,0
DA:53,0
DA:54,0
DA:58,0
DA:61,0
DA:62,0
DA:63,0
DA:67,0
DA:71,0
DA:72,0
DA:73,0
DA:74,0
DA:75,0
DA:77,0
DA:81,0
DA:82,0
DA:88,0
DA:89,0
DA:90,0
DA:94,0
DA:98,0
DA:99,0
DA:100,0
DA:105,0
DA:106,0
DA:107,0
LF:42
LH:0
BRDA:37,0,0,0
BRDA:37,0,1,0
BRDA:40,1,0,0
BRDA:40,1,1,0
BRDA:48,2,0,0
BRDA:48,2,1,0
BRDA:62,3,0,0
BRDA:62,3,1,0
BRDA:75,4,0,0
BRDA:75,4,1,0
BRDA:82,5,0,0
BRDA:82,5,1,0
BRDA:98,6,0,0
BRDA:98,6,1,0
BRDA:98,7,0,0
BRDA:98,7,1,0
BRDA:100,8,0,0
BRDA:100,8,1,0
BRDA:100,9,0,0
BRDA:100,9,1,0
BRDA:106,10,0,0
BRDA:106,10,1,0
BRF:22
BRH:0
end_of_record
TN:
SF:src\plugin\config.ts
FN:40,(anonymous_0)
FN:50,configure
FN:50,(anonymous_2)
FN:51,(anonymous_3)
FN:52,(anonymous_4)
FN:54,(anonymous_5)
FN:60,synchronize
FN:60,(anonymous_7)
FN:63,(anonymous_8)
FN:70,(anonymous_9)
FNF:10
FNH:9
FNDA:13,(anonymous_0)
FNDA:4,configure
FNDA:0,(anonymous_2)
FNDA:1,(anonymous_3)
FNDA:4,(anonymous_4)
FNDA:1,(anonymous_5)
FNDA:4,synchronize
FNDA:3,(anonymous_7)
FNDA:4,(anonymous_8)
FNDA:16,(anonymous_9)
DA:35,1
DA:36,1
DA:40,1
DA:41,13
DA:42,8
DA:44,5
DA:48,8
DA:50,0
DA:51,4
DA:52,4
DA:53,4
DA:54,1
DA:57,4
DA:61,4
DA:62,4
DA:63,4
DA:64,4
DA:65,4
DA:66,8
DA:67,4
DA:69,8
DA:70,16
DA:71,16
DA:72,16
DA:75,8
DA:76,8
LF:26
LH:25
BRDA:41,0,0,8
BRDA:41,0,1,5
BRDA:41,1,0,13
BRDA:41,1,1,7
BRDA:41,1,2,6
BRDA:50,2,0,4
BRDA:50,3,0,0
BRDA:53,4,0,1
BRDA:53,4,1,3
BRDA:53,5,0,4
BRDA:53,5,1,1
BRDA:60,6,0,4
BRDA:60,7,0,3
BRDA:66,8,0,4
BRDA:66,8,1,4
BRDA:71,9,0,8
BRDA:71,9,1,8
BRDA:71,10,0,8
BRDA:71,10,1,0
BRF:19
BRH:17
end_of_record
TN:
SF:src\plugin\errors.ts
FN:18,constructor
FN:23,(anonymous_1)
FN:29,constructor
FN:39,constructor
FN:52,constructor
FN:62,constructor
FNF:6
FNH:6
FNDA:36,constructor
FNDA:1,(anonymous_1)
FNDA:3,constructor
FNDA:1,constructor
FNDA:1,constructor
FNDA:1,constructor
DA:19,36
DA:20,36
DA:21,36
DA:24,1
DA:30,3
DA:40,1
DA:53,1
DA:63,1
LF:8
LH:8
BRF:0
BRH:0
end_of_record
TN:
SF:src\plugin\index.ts
FN:81,constructor
FN:92,create
FN:101,useFingerprint
FN:110,useProfile
FN:119,useProxy
FN:128,useBrowserVersion
FN:133,setProxyFromArguments
FN:140,setWorkingFolder
FN:144,setRequestTimeout
FN:148,setEngineTimeout
FN:152,setServiceKey
FN:158,fetch
FN:166,versions
FN:174,spawn
FN:178,configure
FN:185,_launch
FN:235,(anonymous_16)
FN:239,cleanup
FN:241,(anonymous_18)
FNF:19
FNH:0
FNDA:0,constructor
FNDA:0,create
FNDA:0,useFingerprint
FNDA:0,useProfile
FNDA:0,useProxy
FNDA:0,useBrowserVersion
FNDA:0,setProxyFromArguments
FNDA:0,setWorkingFolder
FNDA:0,setRequestTimeout
FNDA:0,setEngineTimeout
FNDA:0,setServiceKey
FNDA:0,fetch
FNDA:0,versions
FNDA:0,spawn
FNDA:0,configure
FNDA:0,_launch
FNDA:0,(anonymous_16)
FNDA:0,cleanup
FNDA:0,(anonymous_18)
DA:70,0
DA:74,0
DA:76,0
DA:84,0
DA:85,0
DA:95,0
DA:96,0
DA:102,0
DA:103,0
DA:107,0
DA:111,0
DA:112,0
DA:116,0
DA:120,0
DA:121,0
DA:125,0
DA:129,0
DA:130,0
DA:134,0
DA:135,0
DA:137,0
DA:141,0
DA:145,0
DA:149,0
DA:153,0
DA:159,0
DA:167,0
DA:175,0
DA:182,0
DA:186,0
DA:187,0
DA:208,0
DA:209,0
DA:210,0
DA:211,0
DA:212,0
DA:217,0
DA:228,0
DA:229,0
DA:234,0
DA:235,0
DA:236,0
DA:240,0
DA:241,0
DA:242,0
DA:244,0
DA:245,0
DA:246,0
DA:248,0
DA:254,0
LF:50
LH:0
BRDA:84,0,0,0
BRDA:84,0,1,0
BRDA:85,1,0,0
BRDA:85,1,1,0
BRDA:101,2,0,0
BRDA:101,3,0,0
BRDA:110,4,0,0
BRDA:110,5,0,0
BRDA:119,6,0,0
BRDA:119,7,0,0
BRDA:129,8,0,0
BRDA:129,8,1,0
BRDA:133,9,0,0
BRDA:134,10,0,0
BRDA:134,10,1,0
BRDA:135,11,0,0
BRDA:135,11,1,0
BRDA:145,12,0,0
BRDA:145,12,1,0
BRDA:149,13,0,0
BRDA:149,13,1,0
BRDA:158,14,0,0
BRDA:166,15,0,0
BRDA:174,16,0,0
BRDA:182,17,0,0
BRDA:182,17,1,0
BRDA:185,18,0,0
BRDA:186,19,0,0
BRDA:186,19,1,0
BRDA:191,20,0,0
BRDA:191,20,1,0
BRDA:199,21,0,0
BRDA:199,21,1,0
BRDA:212,22,0,0
BRDA:212,22,1,0
BRDA:216,23,0,0
BRDA:216,23,1,0
BRDA:234,24,0,0
BRDA:234,24,1,0
BRDA:240,25,0,0
BRDA:240,25,1,0
BRDA:245,26,0,0
BRDA:245,26,1,0
BRF:43
BRH:0
end_of_record
TN:
SF:src\plugin\utils.ts
FN:44,(anonymous_0)
FN:52,(anonymous_1)
FN:54,(anonymous_2)
FN:73,(anonymous_3)
FN:80,(anonymous_4)
FN:86,(anonymous_5)
FN:92,(anonymous_6)
FN:100,resolvePackageRoot
FNF:8
FNH:8
FNDA:10,(anonymous_0)
FNDA:5,(anonymous_1)
FNDA:15,(anonymous_2)
FNDA:4,(anonymous_3)
FNDA:2,(anonymous_4)
FNDA:5,(anonymous_5)
FNDA:5,(anonymous_6)
FNDA:4,resolvePackageRoot
DA:19,1
DA:20,1
DA:21,1
DA:44,1
DA:51,10
DA:52,10
DA:53,5
DA:54,15
DA:55,1
DA:56,1
DA:58,0
DA:61,5
DA:63,10
DA:64,8
DA:66,2
DA:68,10
DA:73,1
DA:77,4
DA:78,1
DA:80,3
DA:81,3
DA:86,1
DA:87,5
DA:88,4
DA:92,1
DA:93,5
DA:94,4
DA:101,4
DA:102,4
DA:103,9
DA:104,9
DA:105,9
DA:107,7
DA:108,7
DA:109,2
DA:111,5
LF:36
LH:35
BRDA:44,0,0,10
BRDA:45,1,0,10
BRDA:46,2,0,10
BRDA:47,3,0,10
BRDA:48,4,0,10
BRDA:49,5,0,10
BRDA:54,6,0,1
BRDA:54,6,1,4
BRDA:55,7,0,1
BRDA:55,7,1,0
BRDA:55,8,0,1
BRDA:55,8,1,0
BRDA:56,9,0,1
BRDA:56,9,1,0
BRDA:62,10,0,2
BRDA:62,10,1,8
BRDA:63,11,0,8
BRDA:63,11,1,2
BRDA:73,12,0,4
BRDA:74,13,0,4
BRDA:75,14,0,4
BRDA:77,15,0,1
BRDA:77,15,1,3
BRDA:81,16,0,1
BRDA:81,16,1,2
BRDA:87,17,0,4
BRDA:87,17,1,1
BRDA:87,18,0,5
BRDA:87,18,1,3
BRDA:87,18,2,2
BRDA:93,19,0,4
BRDA:93,19,1,1
BRDA:93,20,0,5
BRDA:93,20,1,3
BRDA:93,20,2,2
BRDA:105,21,0,2
BRDA:105,21,1,7
BRDA:108,22,0,2
BRDA:108,22,1,5
BRF:39
BRH:36
end_of_record
TN:
SF:src\plugin\connector\download.ts
FN:34,exists
FN:35,(anonymous_1)
FN:35,(anonymous_2)
FN:38,checksum
FN:44,download
FN:58,transform
FN:76,(anonymous_6)
FN:80,(anonymous_7)
FN:88,(anonymous_8)
FN:91,(anonymous_9)
FN:99,(anonymous_10)
FN:107,(anonymous_11)
FN:119,(anonymous_12)
FN:122,(anonymous_13)
FN:137,(anonymous_14)
FN:142,fetch
FNF:16
FNH:11
FNDA:14,exists
FNDA:13,(anonymous_1)
FNDA:1,(anonymous_2)
FNDA:2,checksum
FNDA:6,download
FNDA:7,transform
FNDA:5,(anonymous_6)
FNDA:5,(anonymous_7)
FNDA:5,(anonymous_8)
FNDA:0,(anonymous_9)
FNDA:0,(anonymous_10)
FNDA:0,(anonymous_11)
FNDA:1,(anonymous_12)
FNDA:0,(anonymous_13)
FNDA:0,(anonymous_14)
FNDA:2,fetch
DA:30,2
DA:35,14
DA:39,2
DA:40,2
DA:41,2
DA:45,6
DA:47,6
DA:48,6
DA:52,5
DA:53,5
DA:54,6
DA:55,6
DA:57,6
DA:59,7
DA:60,7
DA:61,5
DA:67,7
DA:74,6
DA:76,6
DA:78,5
DA:80,5
DA:81,5
DA:82,5
DA:83,5
DA:84,5
DA:88,5
DA:89,5
DA:91,5
DA:92,0
DA:93,0
DA:94,0
DA:95,0
DA:96,0
DA:99,5
DA:100,0
DA:101,0
DA:102,0
DA:103,0
DA:104,0
DA:107,5
DA:108,0
DA:109,0
DA:110,0
DA:111,0
DA:112,0
DA:117,5
DA:118,1
DA:119,1
DA:120,1
DA:121,1
DA:122,1
DA:123,0
DA:124,0
DA:125,0
DA:126,0
DA:127,0
DA:128,0
DA:129,0
DA:137,1
DA:138,1
DA:143,2
LF:61
LH:39
BRDA:44,0,0,6
BRDA:53,1,0,5
BRDA:53,1,1,4
BRDA:60,2,0,5
BRDA:60,2,1,2
BRDA:64,3,0,1
BRDA:64,3,1,4
BRDA:81,4,0,1
BRDA:81,4,1,4
BRDA:82,5,0,5
BRDA:82,5,1,0
BRDA:92,6,0,0
BRDA:92,6,1,0
BRDA:93,7,0,0
BRDA:93,7,1,0
BRDA:95,8,0,0
BRDA:95,8,1,0
BRDA:100,9,0,0
BRDA:100,9,1,0
BRDA:101,10,0,0
BRDA:101,10,1,0
BRDA:103,11,0,0
BRDA:103,11,1,0
BRDA:108,12,0,0
BRDA:108,12,1,0
BRDA:109,13,0,0
BRDA:109,13,1,0
BRDA:111,14,0,0
BRDA:111,14,1,0
BRDA:117,15,0,1
BRDA:117,15,1,4
BRDA:121,16,0,1
BRDA:121,16,1,0
BRDA:121,17,0,1
BRDA:121,17,1,1
BRDA:123,18,0,0
BRDA:123,18,1,0
BRF:37
BRH:15
end_of_record
TN:
SF:src\plugin\connector\engine.ts
FN:43,resolvePackageRoot
FN:97,constructor
FN:109,setCwd
FN:113,setArgs
FN:117,setEngineTimeout
FN:122,requestTimeout
FN:126,setRequestTimeout
FN:133,runFunction
FN:172,(anonymous_8)
FN:177,(anonymous_9)
FN:181,(anonymous_10)
FN:183,(anonymous_11)
FN:188,(anonymous_12)
FN:189,(anonymous_13)
FN:194,(anonymous_14)
FN:219,(anonymous_15)
FN:228,(anonymous_16)
FN:250,(anonymous_17)
FN:269,(anonymous_18)
FN:275,(anonymous_19)
FN:287,(anonymous_20)
FN:298,kill
FN:301,(anonymous_22)
FN:310,(anonymous_23)
FN:318,(anonymous_24)
FN:327,(anonymous_25)
FN:328,(anonymous_26)
FN:339,(anonymous_27)
FNF:28
FNH:22
FNDA:1,resolvePackageRoot
FNDA:9,constructor
FNDA:9,setCwd
FNDA:9,setArgs
FNDA:11,setEngineTimeout
FNDA:1,requestTimeout
FNDA:10,setRequestTimeout
FNDA:4,runFunction
FNDA:4,(anonymous_8)
FNDA:0,(anonymous_9)
FNDA:1,(anonymous_10)
FNDA:1,(anonymous_11)
FNDA:3,(anonymous_12)
FNDA:3,(anonymous_13)
FNDA:3,(anonymous_14)
FNDA:4,(anonymous_15)
FNDA:0,(anonymous_16)
FNDA:0,(anonymous_17)
FNDA:4,(anonymous_18)
FNDA:4,(anonymous_19)
FNDA:4,(anonymous_20)
FNDA:2,kill
FNDA:0,(anonymous_22)
FNDA:0,(anonymous_23)
FNDA:4,(anonymous_24)
FNDA:4,(anonymous_25)
FNDA:0,(anonymous_26)
FNDA:4,(anonymous_27)
DA:32,1
DA:33,1
DA:34,1
DA:35,1
DA:37,1
DA:38,1
DA:39,1
DA:40,1
DA:41,1
DA:44,1
DA:45,1
DA:46,1
DA:47,1
DA:48,1
DA:50,0
DA:51,0
DA:52,0
DA:54,0
DA:57,1
DA:58,1
DA:88,9
DA:89,9
DA:90,9
DA:91,9
DA:92,9
DA:93,9
DA:98,9
DA:99,9
DA:100,9
DA:101,9
DA:102,9
DA:103,9
DA:104,9
DA:110,9
DA:114,9
DA:118,11
DA:119,11
DA:123,1
DA:127,10
DA:128,10
DA:138,4
DA:139,4
DA:140,4
DA:141,4
DA:142,4
DA:145,4
DA:146,0
DA:147,0
DA:148,0
DA:149,0
DA:151,0
DA:152,0
DA:153,0
DA:154,0
DA:158,4
DA:159,4
DA:160,4
DA:167,4
DA:171,4
DA:172,4
DA:175,4
DA:176,0
DA:177,0
DA:178,0
DA:181,4
DA:182,1
DA:183,1
DA:184,1
DA:185,1
DA:188,4
DA:189,3
DA:190,3
DA:191,3
DA:192,3
DA:193,3
DA:194,3
DA:195,3
DA:199,4
DA:202,4
DA:204,4
DA:205,1
DA:208,3
DA:209,3
DA:211,1
DA:220,4
DA:221,4
DA:222,4
DA:223,4
DA:224,4
DA:225,4
DA:226,4
DA:227,4
DA:228,4
DA:229,4
DA:231,4
DA:232,0
DA:233,0
DA:237,0
DA:240,4
DA:241,0
DA:244,0
DA:245,0
DA:246,0
DA:247,0
DA:249,0
DA:250,0
DA:251,0
DA:252,0
DA:255,4
DA:256,0
DA:257,0
DA:260,0
DA:263,0
DA:265,4
DA:266,4
DA:267,4
DA:268,4
DA:269,4
DA:270,4
DA:277,4
DA:278,0
DA:282,4
DA:283,4
DA:288,4
DA:289,0
DA:290,0
DA:291,0
DA:292,0
DA:294,0
DA:299,2
DA:300,0
DA:301,0
DA:302,0
DA:304,0
DA:305,0
DA:306,0
DA:308,0
DA:309,0
DA:310,0
DA:311,0
DA:313,0
DA:314,0
DA:315,0
DA:319,4
DA:320,0
DA:321,0
DA:323,4
DA:324,4
DA:325,4
DA:328,4
DA:329,0
DA:335,4
DA:336,4
DA:340,4
DA:341,4
DA:342,4
DA:343,4
DA:344,4
DA:345,4
LF:159
LH:106
BRDA:40,0,0,0
BRDA:40,0,1,1
BRDA:48,1,0,1
BRDA:48,1,1,0
BRDA:51,2,0,0
BRDA:51,2,1,0
BRDA:97,3,0,9
BRDA:99,4,0,9
BRDA:99,4,1,9
BRDA:100,5,0,9
BRDA:100,5,1,9
BRDA:110,6,0,9
BRDA:110,6,1,9
BRDA:114,7,0,0
BRDA:114,7,1,9
BRDA:119,8,0,0
BRDA:119,8,1,11
BRDA:128,9,0,1
BRDA:128,9,1,9
BRDA:136,10,0,4
BRDA:136,11,0,4
BRDA:136,12,0,4
BRDA:138,13,0,4
BRDA:138,13,1,0
BRDA:148,14,0,0
BRDA:148,14,1,0
BRDA:152,15,0,0
BRDA:152,15,1,0
BRDA:175,16,0,0
BRDA:175,16,1,4
BRDA:204,17,0,1
BRDA:204,17,1,3
BRDA:222,18,0,0
BRDA:222,18,1,4
BRDA:222,19,0,4
BRDA:222,19,1,4
BRDA:227,20,0,4
BRDA:227,20,1,0
BRDA:231,21,0,0
BRDA:231,21,1,4
BRDA:231,22,0,4
BRDA:231,22,1,0
BRDA:232,23,0,0
BRDA:232,23,1,0
BRDA:240,24,0,0
BRDA:240,24,1,4
BRDA:245,25,0,0
BRDA:245,25,1,0
BRDA:255,26,0,0
BRDA:255,26,1,4
BRDA:277,27,0,0
BRDA:277,27,1,4
BRDA:288,28,0,4
BRDA:288,28,1,0
BRDA:289,29,0,0
BRDA:289,29,1,0
BRDA:298,30,0,2
BRDA:299,31,0,2
BRDA:299,31,1,0
BRDA:299,32,0,2
BRDA:299,32,1,0
BRDA:304,33,0,0
BRDA:304,33,1,0
BRDA:319,34,0,0
BRDA:319,34,1,4
BRDA:323,35,0,0
BRDA:323,35,1,4
BRDA:335,36,0,4
BRDA:335,36,1,0
BRDA:339,37,0,4
BRDA:342,38,0,0
BRDA:342,38,1,4
BRF:72
BRH:38
end_of_record
TN:
SF:src\plugin\connector\index.ts
FN:42,constructor
FN:49,(anonymous_1)
FN:52,(anonymous_2)
FN:55,(anonymous_3)
FN:63,(anonymous_4)
FN:65,(anonymous_5)
FN:73,requestTimeout
FN:77,setCwd
FN:81,setRequestTimeout
FN:85,setEngineTimeout
FN:89,api
FN:97,(anonymous_11)
FN:124,cleanup
FNF:13
FNH:10
FNDA:12,constructor
FNDA:0,(anonymous_1)
FNDA:0,(anonymous_2)
FNDA:0,(anonymous_3)
FNDA:6,(anonymous_4)
FNDA:1,(anonymous_5)
FNDA:6,requestTimeout
FNDA:1,setCwd
FNDA:1,setRequestTimeout
FNDA:1,setEngineTimeout
FNDA:6,api
FNDA:6,(anonymous_11)
FNDA:1,cleanup
DA:20,1
DA:40,12
DA:43,12
DA:49,12
DA:50,0
DA:52,12
DA:53,0
DA:55,12
DA:56,0
DA:57,0
DA:58,0
DA:59,0
DA:64,6
DA:65,1
DA:66,1
DA:67,1
DA:70,6
DA:74,6
DA:78,1
DA:82,1
DA:86,1
DA:90,6
DA:91,6
DA:97,6
DA:98,6
DA:99,6
DA:110,6
DA:111,3
DA:112,2
DA:113,2
DA:115,1
DA:117,3
DA:119,6
DA:125,1
LF:34
LH:28
BRDA:57,0,0,0
BRDA:57,0,1,0
BRDA:58,1,0,0
BRDA:58,1,1,0
BRDA:64,2,0,1
BRDA:64,2,1,5
BRDA:89,3,0,6
BRDA:101,4,0,1
BRDA:101,4,1,5
BRDA:110,5,0,3
BRDA:110,5,1,3
BRDA:111,6,0,2
BRDA:111,6,1,1
BRDA:117,7,0,3
BRDA:117,7,1,1
BRF:15
BRH:11
end_of_record
TN:
SF:src\plugin\connector\utils.ts
FN:15,(anonymous_0)
FN:17,(anonymous_1)
FN:27,(anonymous_2)
FN:33,(anonymous_3)
FNF:4
FNH:2
FNDA:0,(anonymous_0)
FNDA:4,(anonymous_1)
FNDA:6,(anonymous_2)
FNDA:0,(anonymous_3)
DA:15,1
DA:17,1
DA:18,4
DA:27,1
DA:30,6
DA:31,4
DA:32,4
DA:33,4
DA:34,0
DA:36,4
DA:40,2
LF:11
LH:10
BRDA:30,0,0,4
BRDA:30,0,1,2
BRDA:30,1,0,6
BRDA:30,1,1,5
BRF:4
BRH:4
end_of_record
TN:
SF:src\plugin\connector\pcapServer\index.ts
FN:20,listen
FN:24,(anonymous_1)
FN:25,(anonymous_2)
FN:26,(anonymous_3)
FN:37,(anonymous_4)
FN:40,(anonymous_5)
FN:47,(anonymous_6)
FN:50,(anonymous_7)
FN:61,(anonymous_8)
FN:62,(anonymous_9)
FN:64,(anonymous_10)
FNF:11
FNH:10
FNDA:17,listen
FNDA:16,(anonymous_1)
FNDA:6,(anonymous_2)
FNDA:5,(anonymous_3)
FNDA:0,(anonymous_4)
FNDA:17,(anonymous_5)
FNDA:1,(anonymous_6)
FNDA:1,(anonymous_7)
FNDA:19,(anonymous_8)
FNDA:19,(anonymous_9)
FNDA:15,(anonymous_10)
DA:13,1
DA:21,17
DA:22,16
DA:23,16
DA:24,16
DA:25,16
DA:26,6
DA:27,5
DA:28,4
DA:29,4
DA:30,3
DA:31,3
DA:33,4
DA:34,1
DA:37,6
DA:39,16
DA:40,16
DA:41,17
DA:42,17
DA:43,17
DA:45,17
DA:47,16
DA:48,1
DA:49,1
DA:50,1
DA:52,0
DA:53,0
DA:56,16
DA:58,16
DA:61,1
DA:62,19
DA:63,19
DA:64,15
DA:65,15
DA:66,15
DA:67,15
DA:70,4
LF:37
LH:35
BRDA:20,0,0,17
BRDA:20,1,0,17
BRDA:21,2,0,1
BRDA:21,2,1,16
BRDA:27,3,0,1
BRDA:27,3,1,4
BRDA:29,4,0,3
BRDA:29,4,1,1
BRDA:33,5,0,1
BRDA:33,5,1,3
BRDA:42,6,0,17
BRDA:42,6,1,0
BRDA:42,7,0,17
BRDA:42,7,1,17
BRDA:48,8,0,1
BRDA:48,8,1,0
BRDA:48,9,0,1
BRDA:48,9,1,1
BRDA:63,10,0,15
BRDA:63,10,1,4
BRF:20
BRH:18
end_of_record
TN:
SF:src\plugin\launcher\index.ts
FN:40,(anonymous_0)
FN:57,(anonymous_1)
FN:60,(anonymous_2)
FN:65,(anonymous_3)
FN:76,(anonymous_4)
FN:85,(anonymous_5)
FN:89,(anonymous_6)
FN:100,(anonymous_7)
FN:104,(anonymous_8)
FN:105,(anonymous_9)
FN:123,(anonymous_10)
FNF:11
FNH:9
FNDA:8,(anonymous_0)
FNDA:7,(anonymous_1)
FNDA:1,(anonymous_2)
FNDA:6,(anonymous_3)
FNDA:6,(anonymous_4)
FNDA:0,(anonymous_5)
FNDA:0,(anonymous_6)
FNDA:3,(anonymous_7)
FNDA:2,(anonymous_8)
FNDA:2,(anonymous_9)
FNDA:1,(anonymous_10)
DA:40,1
DA:47,8
DA:48,1
DA:50,7
DA:51,8
DA:56,8
DA:57,8
DA:59,7
DA:60,7
DA:61,1
DA:62,1
DA:65,7
DA:66,6
DA:67,6
DA:68,6
DA:70,7
DA:73,7
DA:76,7
DA:77,6
DA:78,6
DA:79,6
DA:80,6
DA:83,7
DA:84,7
DA:85,7
DA:86,0
DA:87,0
DA:89,7
DA:90,0
DA:91,0
DA:95,6
DA:96,6
DA:98,0
DA:100,6
DA:101,3
DA:102,2
DA:103,2
DA:104,2
DA:105,2
DA:106,2
DA:107,0
DA:108,0
DA:110,2
DA:111,0
DA:114,2
DA:118,6
LF:46
LH:38
BRDA:41,0,0,8
BRDA:42,1,0,8
BRDA:43,2,0,8
BRDA:44,3,0,8
BRDA:47,4,0,1
BRDA:47,4,1,7
BRDA:50,5,0,1
BRDA:50,5,1,6
BRDA:59,6,0,7
BRDA:59,6,1,0
BRDA:66,7,0,6
BRDA:66,7,1,0
BRDA:78,8,0,6
BRDA:78,8,1,0
BRDA:101,9,0,1
BRDA:101,9,1,2
BRDA:103,10,0,0
BRDA:103,10,1,2
BRDA:103,11,0,2
BRDA:103,11,1,2
BRDA:106,12,0,0
BRDA:106,12,1,2
BRDA:110,13,0,0
BRDA:110,13,1,2
BRF:24
BRH:18
end_of_record
TN:
SF:src\plugin\mutex\index.ts
FN:31,(anonymous_0)
FN:51,(anonymous_1)
FNF:2
FNH:0
FNDA:0,(anonymous_0)
FNDA:0,(anonymous_1)
DA:17,0
DA:18,0
DA:19,0
DA:31,0
DA:32,0
DA:33,0
DA:34,0
DA:36,0
DA:37,0
DA:38,0
DA:39,0
DA:40,0
DA:42,0
DA:43,0
DA:50,0
DA:51,0
DA:52,0
DA:53,0
LF:18
LH:0
BRDA:37,0,0,0
BRDA:37,0,1,0
BRDA:38,1,0,0
BRDA:38,1,1,0
BRDA:52,2,0,0
BRDA:52,2,1,0
BRF:6
BRH:0
end_of_record
TN:
SF:src\types\PWChromium.ts
FNF:0
FNH:0
LF:0
LH:0
BRF:0
BRH:0
end_of_record
TN:
SF:src\types\fetch.ts
FNF:0
FNH:0
LF:0
LH:0
BRF:0
BRH:0
end_of_record
TN:
SF:src\types\fingerprint.ts
FNF:0
FNH:0
LF:0
LH:0
BRF:0
BRH:0
end_of_record
TN:
SF:src\types\profile.ts
FNF:0
FNH:0
LF:0
LH:0
BRF:0
BRH:0
end_of_record
TN:
SF:src\types\proxy.ts
FNF:0
FNH:0
LF:0
LH:0
BRF:0
BRH:0
end_of_record
